android_client/app/build/intermediates/manifest_merge_blame_file/debug/manifest-merger-blame-debug-report.txt
1<?xml version="1.0" encoding="utf-8"?>
2<manifest xmlns:android="http://schemas.android.com/apk/res/android"
3    package="com.antailbaxt3r.collegemate"
4    android:versionCode="1"
5    android:versionName="1.0" >
6
7    <uses-sdk
8        android:minSdkVersion="21"
8-->src\main\AndroidManifest.xml
9        android:targetSdkVersion="29" />
9-->src\main\AndroidManifest.xml
10
11    <application
11-->src\main\AndroidManifest.xml:5:5-25:19
12        android:allowBackup="true"
12-->src\main\AndroidManifest.xml:6:9-35
13        android:appComponentFactory="androidx.core.app.CoreComponentFactory"
13-->[androidx.core:core:1.1.0] AndroidManifest.xml:24:18-86
14        android:debuggable="true"
15        android:icon="@mipmap/ic_launcher"
15-->src\main\AndroidManifest.xml:7:9-43
16        android:label="@string/app_name"
16-->src\main\AndroidManifest.xml:8:9-41
17        android:roundIcon="@mipmap/ic_launcher_round"
17-->src\main\AndroidManifest.xml:9:9-54
18        android:supportsRtl="true"
18-->src\main\AndroidManifest.xml:10:9-35
19        android:theme="@style/AppTheme" >
19-->src\main\AndroidManifest.xml:11:9-40
20        <activity android:name="com.antailbaxt3r.collegemate.RegisterActivity" />
20-->src\main\AndroidManifest.xml:12:9-63
20-->src\main\AndroidManifest.xml:12:19-51
21        <activity android:name="com.antailbaxt3r.collegemate.LogInActivity" >
21-->src\main\AndroidManifest.xml:13:9-19:20
21-->src\main\AndroidManifest.xml:13:19-48
22            <intent-filter>
22-->src\main\AndroidManifest.xml:14:13-18:29
23                <action android:name="android.intent.action.MAIN" />
23-->src\main\AndroidManifest.xml:15:17-69
23-->src\main\AndroidManifest.xml:15:25-66
24
25                <category android:name="android.intent.category.LAUNCHER" />
25-->src\main\AndroidManifest.xml:17:17-77
25-->src\main\AndroidManifest.xml:17:27-74
26            </intent-filter>
27        </activity>
28        <activity android:name="com.antailbaxt3r.collegemate.MainActivity" />
28-->src\main\AndroidManifest.xml:20:9-59
28-->src\main\AndroidManifest.xml:20:19-47
29
30        <meta-data
30-->src\main\AndroidManifest.xml:22:9-24:57
31            android:name="preloaded_fonts"
31-->src\main\AndroidManifest.xml:23:13-43
32            android:resource="@array/preloaded_fonts" />
32-->src\main\AndroidManifest.xml:24:13-54
33
34        <activity
34-->[com.google.firebase:firebase-auth:19.3.1] AndroidManifest.xml:24:9-31:50
35            android:name="com.google.firebase.auth.internal.FederatedSignInActivity"
35-->[com.google.firebase:firebase-auth:19.3.1] AndroidManifest.xml:25:13-85
36            android:excludeFromRecents="true"
36-->[com.google.firebase:firebase-auth:19.3.1] AndroidManifest.xml:26:13-46
37            android:exported="true"
37-->[com.google.firebase:firebase-auth:19.3.1] AndroidManifest.xml:27:13-36
38            android:launchMode="singleTask"
38-->[com.google.firebase:firebase-auth:19.3.1] AndroidManifest.xml:28:13-44
39            android:permission="com.google.firebase.auth.api.gms.permission.LAUNCH_FEDERATED_SIGN_IN"
39-->[com.google.firebase:firebase-auth:19.3.1] AndroidManifest.xml:29:13-102
40            android:theme="@android:style/Theme.Translucent.NoTitleBar" />
40-->[com.google.firebase:firebase-auth:19.3.1] AndroidManifest.xml:30:13-72
41
42        <service
42-->[com.google.firebase:firebase-auth:19.3.1] AndroidManifest.xml:33:9-39:19
43            android:name="com.google.firebase.components.ComponentDiscoveryService"
43-->[com.google.firebase:firebase-auth:19.3.1] AndroidManifest.xml:34:13-84
44            android:directBootAware="true"
44-->[com.google.firebase:firebase-common:19.3.0] AndroidManifest.xml:34:13-43
45            android:exported="false" >
45-->[com.google.firebase:firebase-auth:19.3.1] AndroidManifest.xml:35:13-37
46            <meta-data
46-->[com.google.firebase:firebase-auth:19.3.1] AndroidManifest.xml:36:13-38:85
47                android:name="com.google.firebase.components:com.google.firebase.auth.FirebaseAuthRegistrar"
47-->[com.google.firebase:firebase-auth:19.3.1] AndroidManifest.xml:37:17-109
48                android:value="com.google.firebase.components.ComponentRegistrar" />
48-->[com.google.firebase:firebase-auth:19.3.1] AndroidManifest.xml:38:17-82
49        </service>
50
51        <activity
51-->[com.google.android.gms:play-services-auth:18.0.0] AndroidManifest.xml:23:9-27:75
52            android:name="com.google.android.gms.auth.api.signin.internal.SignInHubActivity"
52-->[com.google.android.gms:play-services-auth:18.0.0] AndroidManifest.xml:24:13-93
53            android:excludeFromRecents="true"
53-->[com.google.android.gms:play-services-auth:18.0.0] AndroidManifest.xml:25:13-46
54            android:exported="false"
54-->[com.google.android.gms:play-services-auth:18.0.0] AndroidManifest.xml:26:13-37
55            android:theme="@android:style/Theme.Translucent.NoTitleBar" />
55-->[com.google.android.gms:play-services-auth:18.0.0] AndroidManifest.xml:27:13-72
56        <!--
57            Service handling Google Sign-In user revocation. For apps that do not integrate with
58            Google Sign-In, this service will never be started.
59        -->
60        <service
60-->[com.google.android.gms:play-services-auth:18.0.0] AndroidManifest.xml:33:9-36:110
61            android:name="com.google.android.gms.auth.api.signin.RevocationBoundService"
61-->[com.google.android.gms:play-services-auth:18.0.0] AndroidManifest.xml:34:13-89
62            android:exported="true"
62-->[com.google.android.gms:play-services-auth:18.0.0] AndroidManifest.xml:35:13-36
63            android:permission="com.google.android.gms.auth.api.signin.permission.REVOCATION_NOTIFICATION" />
63-->[com.google.android.gms:play-services-auth:18.0.0] AndroidManifest.xml:36:13-107
64
65        <activity
65-->[com.google.android.gms:play-services-base:17.1.0] AndroidManifest.xml:23:9-26:75
66            android:name="com.google.android.gms.common.api.GoogleApiActivity"
66-->[com.google.android.gms:play-services-base:17.1.0] AndroidManifest.xml:24:13-79
67            android:exported="false"
67-->[com.google.android.gms:play-services-base:17.1.0] AndroidManifest.xml:25:13-37
68            android:theme="@android:style/Theme.Translucent.NoTitleBar" />
68-->[com.google.android.gms:play-services-base:17.1.0] AndroidManifest.xml:26:13-72
69
70        <provider
70-->[com.google.firebase:firebase-common:19.3.0] AndroidManifest.xml:26:9-30:39
71            android:name="com.google.firebase.provider.FirebaseInitProvider"
71-->[com.google.firebase:firebase-common:19.3.0] AndroidManifest.xml:27:13-77
72            android:authorities="com.antailbaxt3r.collegemate.firebaseinitprovider"
72-->[com.google.firebase:firebase-common:19.3.0] AndroidManifest.xml:28:13-72
73            android:exported="false"
73-->[com.google.firebase:firebase-common:19.3.0] AndroidManifest.xml:29:13-37
74            android:initOrder="100" />
74-->[com.google.firebase:firebase-common:19.3.0] AndroidManifest.xml:30:13-36
75
76        <meta-data
76-->[com.google.android.gms:play-services-basement:17.1.1] AndroidManifest.xml:23:9-25:69
77            android:name="com.google.android.gms.version"
77-->[com.google.android.gms:play-services-basement:17.1.1] AndroidManifest.xml:24:13-58
78            android:value="@integer/google_play_services_version" />
78-->[com.google.android.gms:play-services-basement:17.1.1] AndroidManifest.xml:25:13-66
79    </application>
80
81</manifest>